#
# There is insufficient memory for the Java Runtime Environment to continue.
# Native memory allocation (malloc) failed to allocate 2097152 bytes for AllocateHeap
# Possible reasons:
#   The system is out of physical RAM or swap space
#   The process is running with CompressedOops enabled, and the Java Heap may be blocking the growth of the native heap
# Possible solutions:
#   Reduce memory load on the system
#   Increase physical memory or swap space
#   Check if swap backing store is full
#   Decrease Java heap size (-Xmx/-Xms)
#   Decrease number of Java threads
#   Decrease Java thread stack sizes (-Xss)
#   Set larger code cache with -XX:ReservedCodeCacheSize=
#   JVM is running with Unscaled Compressed Oops mode in which the Java heap is
#     placed in the first 4GB address space. The Java Heap base address is the
#     maximum limit for the native heap growth. Please use -XX:HeapBaseMinAddress
#     to set the Java Heap base and to place the Java Heap above 4GB virtual address.
# This output file may be truncated or incomplete.
#
#  Out of Memory Error (allocation.cpp:44), pid=8984, tid=17084
#
# JRE version: OpenJDK Runtime Environment Temurin-17.0.10+7 (17.0.10+7) (build 17.0.10+7)
# Java VM: OpenJDK 64-Bit Server VM Temurin-17.0.10+7 (17.0.10+7, mixed mode, emulated-client, tiered, compressed oops, compressed class ptrs, g1 gc, windows-amd64)
# No core dump will be written. Minidumps are not enabled by default on client versions of Windows
#

---------------  S U M M A R Y ------------

Command Line: -Xmx1024m -Dsts.lsp.client=vscode -Dsts.log.file=/dev/null -XX:TieredStopAtLevel=1 -Xlog:jni+resolve=off -Dspring.config.location=file:c:\Users\g56440\.vscode\extensions\vmware.vscode-spring-boot-1.54.0\language-server\BOOT-INF\classes\application.properties org.springframework.ide.vscode.boot.app.BootLanguageServerBootApp

Host: 12th Gen Intel(R) Core(TM) i5-12500T, 12 cores, 15G,  Windows 11 , 64 bit Build 22621 (10.0.22621.3527)
Time: Mon May 27 07:20:45 2024 Hora oficial do Brasil elapsed time: 229746.232700 seconds (2d 15h 49m 6s)

---------------  T H R E A D  ---------------

Current thread (0x000001eebff3a230):  VMThread "VM Thread" [stack: 0x000000c4ae600000,0x000000c4ae700000] [id=17084]

Stack: [0x000000c4ae600000,0x000000c4ae700000]
Native frames: (J=compiled Java code, j=interpreted, Vv=VM code, C=native code)
V  [jvm.dll+0x67d2c9]
V  [jvm.dll+0x834afa]
V  [jvm.dll+0x8365be]
V  [jvm.dll+0x836c23]
V  [jvm.dll+0x2477ff]
V  [jvm.dll+0xa6c93]
V  [jvm.dll+0x2f86f1]
V  [jvm.dll+0x2f42e0]
V  [jvm.dll+0x2dc8c7]
V  [jvm.dll+0x31fb87]
V  [jvm.dll+0x83b11b]
V  [jvm.dll+0x83be61]
V  [jvm.dll+0x83c37d]
V  [jvm.dll+0x83c754]
V  [jvm.dll+0x83c820]
V  [jvm.dll+0x7e3fba]
V  [jvm.dll+0x67c1b5]
C  [ucrtbase.dll+0x29333]
C  [KERNEL32.DLL+0x1257d]
C  [ntdll.dll+0x5aa48]

VM_Operation (0x000000c4b01fef90): G1CollectFull, mode: safepoint, requested by thread 0x000001eec406b180


---------------  P R O C E S S  ---------------

Threads class SMR info:
_java_thread_list=0x000001eec5bac6d0, length=43, elements={
0x000001eebff5d620, 0x000001eec402ae60, 0x000001eec4044bd0, 0x000001eec40676a0,
0x000001eec406c5c0, 0x000001eec406b690, 0x000001eec40745c0, 0x000001eec4078f80,
0x000001eec406bba0, 0x000001eec406cad0, 0x000001eec406cfe0, 0x000001eec406b180,
0x000001eec406c0b0, 0x000001eec406d4f0, 0x000001eec406ac70, 0x000001eec406df10,
0x000001eec5c31f90, 0x000001eec5c324a0, 0x000001eec5c329b0, 0x000001eec6828fd0,
0x000001eec682d1a0, 0x000001eec6828ac0, 0x000001eec682dbc0, 0x000001eec682a920,
0x000001eec6827170, 0x000001eec682c270, 0x000001eec6826750, 0x000001eec682c780,
0x000001eec682ae30, 0x000001eec682b340, 0x000001eec6827b90, 0x000001eec68280a0,
0x000001eec6827680, 0x000001eec68285b0, 0x000001eec5c32ec0, 0x000001eec5c338e0,
0x000001eec5c333d0, 0x000001eec682cc90, 0x000001eec682bd60, 0x000001eec68294e0,
0x000001eec682d6b0, 0x000001eec519fe20, 0x000001eec51a1260
}

Java Threads: ( => current thread )
  0x000001eebff5d620 JavaThread "Reference Handler" daemon [_thread_blocked, id=6260, stack(0x000000c4ae700000,0x000000c4ae800000)]
  0x000001eec402ae60 JavaThread "Finalizer" daemon [_thread_blocked, id=21796, stack(0x000000c4ae800000,0x000000c4ae900000)]
  0x000001eec4044bd0 JavaThread "Signal Dispatcher" daemon [_thread_blocked, id=20868, stack(0x000000c4ae900000,0x000000c4aea00000)]
  0x000001eec40676a0 JavaThread "Attach Listener" daemon [_thread_blocked, id=14284, stack(0x000000c4aea00000,0x000000c4aeb00000)]
  0x000001eec406c5c0 JavaThread "Service Thread" daemon [_thread_blocked, id=18040, stack(0x000000c4aeb00000,0x000000c4aec00000)]
  0x000001eec406b690 JavaThread "Monitor Deflation Thread" daemon [_thread_blocked, id=21596, stack(0x000000c4aec00000,0x000000c4aed00000)]
  0x000001eec40745c0 JavaThread "C1 CompilerThread0" daemon [_thread_blocked, id=15044, stack(0x000000c4aed00000,0x000000c4aee00000)]
  0x000001eec4078f80 JavaThread "Sweeper thread" daemon [_thread_blocked, id=13088, stack(0x000000c4aee00000,0x000000c4aef00000)]
  0x000001eec406bba0 JavaThread "Notification Thread" daemon [_thread_blocked, id=5936, stack(0x000000c4af000000,0x000000c4af100000)]
  0x000001eec406cad0 JavaThread "Common-Cleaner" daemon [_thread_blocked, id=5360, stack(0x000000c4af200000,0x000000c4af300000)]
  0x000001eec406cfe0 JavaThread "boundedElastic-evictor-1" daemon [_thread_blocked, id=14320, stack(0x000000c4af900000,0x000000c4afa00000)]
  0x000001eec406b180 JavaThread "pool-13-thread-1" [_thread_blocked, id=7592, stack(0x000000c4b0100000,0x000000c4b0200000)]
  0x000001eec406c0b0 JavaThread "LanguageServerApp-lifecycle" [_thread_blocked, id=560, stack(0x000000c4b0200000,0x000000c4b0300000)]
  0x000001eec406d4f0 JavaThread "DestroyJavaVM" [_thread_blocked, id=9084, stack(0x000000c4ae000000,0x000000c4ae100000)]
  0x000001eec406ac70 JavaThread "pool-14-thread-1" [_thread_in_native, id=10688, stack(0x000000c4b0300000,0x000000c4b0400000)]
  0x000001eec406df10 JavaThread "Simple-Language-Server main thread" daemon [_thread_blocked, id=7584, stack(0x000000c4b0400000,0x000000c4b0500000)]
  0x000001eec5c31f90 JavaThread "parallel-1" daemon [_thread_blocked, id=14236, stack(0x000000c4b0800000,0x000000c4b0900000)]
  0x000001eec5c324a0 JavaThread "pool-6-thread-1" [_thread_blocked, id=904, stack(0x000000c4b0900000,0x000000c4b0a00000)]
  0x000001eec5c329b0 JavaThread "parallel-2" daemon [_thread_blocked, id=20192, stack(0x000000c4b0a00000,0x000000c4b0b00000)]
  0x000001eec6828fd0 JavaThread "CompletableFutureDelayScheduler" daemon [_thread_blocked, id=13656, stack(0x000000c4af800000,0x000000c4af900000)]
  0x000001eec682d1a0 JavaThread "pool-8-thread-1" [_thread_blocked, id=17604, stack(0x000000c4add00000,0x000000c4ade00000)]
  0x000001eec6828ac0 JavaThread "parallel-3" daemon [_thread_blocked, id=17276, stack(0x000000c4ade00000,0x000000c4adf00000)]
  0x000001eec682dbc0 JavaThread "Reconciler-1" daemon [_thread_blocked, id=2060, stack(0x000000c4b1000000,0x000000c4b1100000)]
  0x000001eec682a920 JavaThread "parallel-4" daemon [_thread_blocked, id=20124, stack(0x000000c4b0700000,0x000000c4b0800000)]
  0x000001eec6827170 JavaThread "parallel-5" daemon [_thread_blocked, id=8992, stack(0x000000c4b0b00000,0x000000c4b0c00000)]
  0x000001eec682c270 JavaThread "parallel-6" daemon [_thread_blocked, id=20408, stack(0x000000c4b1200000,0x000000c4b1300000)]
  0x000001eec6826750 JavaThread "parallel-7" daemon [_thread_blocked, id=21324, stack(0x000000c4b1400000,0x000000c4b1500000)]
  0x000001eec682c780 JavaThread "parallel-8" daemon [_thread_blocked, id=9728, stack(0x000000c4b1600000,0x000000c4b1700000)]
  0x000001eec682ae30 JavaThread "pool-7-thread-1" [_thread_blocked, id=9120, stack(0x000000c4b1800000,0x000000c4b1900000)]
  0x000001eec682b340 JavaThread "RMI Scheduler(0)" daemon [_thread_blocked, id=8420, stack(0x000000c4b1a00000,0x000000c4b1b00000)]
  0x000001eec6827b90 JavaThread "pool-7-thread-2" [_thread_blocked, id=5964, stack(0x000000c4b1e00000,0x000000c4b1f00000)]
  0x000001eec68280a0 JavaThread "pool-7-thread-3" [_thread_blocked, id=13628, stack(0x000000c4b1f00000,0x000000c4b2000000)]
  0x000001eec6827680 JavaThread "pool-7-thread-4" [_thread_blocked, id=13624, stack(0x000000c4b1d00000,0x000000c4b1e00000)]
  0x000001eec68285b0 JavaThread "pool-7-thread-5" [_thread_blocked, id=21592, stack(0x000000c4b1700000,0x000000c4b1800000)]
  0x000001eec5c32ec0 JavaThread "pool-7-thread-6" [_thread_blocked, id=7808, stack(0x000000c4b2100000,0x000000c4b2200000)]
  0x000001eec5c338e0 JavaThread "pool-7-thread-7" [_thread_blocked, id=22128, stack(0x000000c4b2200000,0x000000c4b2300000)]
  0x000001eec5c333d0 JavaThread "pool-7-thread-8" [_thread_blocked, id=11176, stack(0x000000c4b2000000,0x000000c4b2100000)]
  0x000001eec682cc90 JavaThread "parallel-9" daemon [_thread_blocked, id=17684, stack(0x000000c4b0c00000,0x000000c4b0d00000)]
  0x000001eec682bd60 JavaThread "parallel-10" daemon [_thread_blocked, id=21128, stack(0x000000c4b0f00000,0x000000c4b1000000)]
  0x000001eec68294e0 JavaThread "parallel-11" daemon [_thread_blocked, id=11712, stack(0x000000c4b1c00000,0x000000c4b1d00000)]
  0x000001eec682d6b0 JavaThread "parallel-12" daemon [_thread_blocked, id=17092, stack(0x000000c4b2400000,0x000000c4b2500000)]
  0x000001eec519fe20 JavaThread "pool-7-thread-9" [_thread_blocked, id=14660, stack(0x000000c4b2600000,0x000000c4b2700000)]
  0x000001eec51a1260 JavaThread "pool-7-thread-10" [_thread_blocked, id=18932, stack(0x000000c4b2a00000,0x000000c4b2b00000)]

Other Threads:
=>0x000001eebff3a230 VMThread "VM Thread" [stack: 0x000000c4ae600000,0x000000c4ae700000] [id=17084]
  0x000001eec427f6b0 WatcherThread [stack: 0x000000c4af100000,0x000000c4af200000] [id=18392]
  0x000001eeb4ce4c10 GCTaskThread "GC Thread#0" [stack: 0x000000c4ae100000,0x000000c4ae200000] [id=16248]
  0x000001eec4ff8430 GCTaskThread "GC Thread#1" [stack: 0x000000c4af300000,0x000000c4af400000] [id=8732]
  0x000001eec4fdf060 GCTaskThread "GC Thread#2" [stack: 0x000000c4af400000,0x000000c4af500000] [id=2152]
  0x000001eec4fdf320 GCTaskThread "GC Thread#3" [stack: 0x000000c4af500000,0x000000c4af600000] [id=15108]
  0x000001eec4fdfbf0 GCTaskThread "GC Thread#4" [stack: 0x000000c4af600000,0x000000c4af700000] [id=12556]
  0x000001eec4fe06c0 GCTaskThread "GC Thread#5" [stack: 0x000000c4af700000,0x000000c4af800000] [id=22108]
  0x000001eec53312b0 GCTaskThread "GC Thread#6" [stack: 0x000000c4afb00000,0x000000c4afc00000] [id=15144]
  0x000001eec52f16a0 GCTaskThread "GC Thread#7" [stack: 0x000000c4afc00000,0x000000c4afd00000] [id=18812]
  0x000001eec54b0470 GCTaskThread "GC Thread#8" [stack: 0x000000c4afd00000,0x000000c4afe00000] [id=14136]
  0x000001eec5386b80 GCTaskThread "GC Thread#9" [stack: 0x000000c4afe00000,0x000000c4aff00000] [id=16984]
  0x000001eeb4cedb70 ConcurrentGCThread "G1 Main Marker" [stack: 0x000000c4ae200000,0x000000c4ae300000] [id=20156]
  0x000001eeb4cee590 ConcurrentGCThread "G1 Conc#0" [stack: 0x000000c4ae300000,0x000000c4ae400000] [id=2092]
  0x000001eec5418b90 ConcurrentGCThread "G1 Conc#1" [stack: 0x000000c4aff00000,0x000000c4b0000000] [id=15776]
  0x000001eec5375c00 ConcurrentGCThread "G1 Conc#2" [stack: 0x000000c4b0000000,0x000000c4b0100000] [id=20744]
  0x000001eeb4d4d920 ConcurrentGCThread "G1 Refine#0" [stack: 0x000000c4ae400000,0x000000c4ae500000] [id=16332]
  0x000001eeb4d4e350 ConcurrentGCThread "G1 Service" [stack: 0x000000c4ae500000,0x000000c4ae600000] [id=7324]

Threads with active compile tasks:

VM state: at safepoint (normal execution)

VM Mutex/Monitor currently owned by a thread:  ([mutex/lock_event])
[0x000001eeb29d0940] Threads_lock - owner thread: 0x000001eebff3a230
[0x000001eeb29cd220] Heap_lock - owner thread: 0x000001eec406b180

Heap address: 0x00000000c0000000, size: 1024 MB, Compressed Oops mode: 32-bit

CDS archive(s) not mapped
Compressed class space mapped at: 0x0000000100000000-0x0000000140000000, reserved size: 1073741824
Narrow klass base: 0x0000000000000000, Narrow klass shift: 3, Narrow klass range: 0x140000000

GC Precious Log:
 CPUs: 12 total, 12 available
 Memory: 16053M
 Large Page Support: Disabled
 NUMA Support: Disabled
 Compressed Oops: Enabled (32-bit)
 Heap Region Size: 1M
 Heap Min Capacity: 8M
 Heap Initial Capacity: 252M
 Heap Max Capacity: 1G
 Pre-touch: Disabled
 Parallel Workers: 10
 Concurrent Workers: 3
 Concurrent Refinement Workers: 10
 Periodic GC: Disabled

Heap:
 garbage-first heap   total 122880K, used 36444K [0x00000000c0000000, 0x0000000100000000)
  region size 1024K, 1 young (1024K), 0 survivors (0K)
 Metaspace       used 62534K, committed 63040K, reserved 1114112K
  class space    used 7878K, committed 8064K, reserved 1048576K

Heap Regions: E=young(eden), S=young(survivor), O=old, HS=humongous(starts), HC=humongous(continues), CS=collection set, F=free, OA=open archive, CA=closed archive, TAMS=top-at-mark-start (previous, next)
|   0|0x00000000c0000000, 0x00000000c0100000, 0x00000000c0100000|100%|HS|  |TAMS 0x00000000c0100000, 0x00000000c0000000| Untracked 
|   1|0x00000000c0100000, 0x00000000c0200000, 0x00000000c0200000|100%|HC|  |TAMS 0x00000000c0200000, 0x00000000c0100000| Untracked 
|   2|0x00000000c0200000, 0x00000000c0300000, 0x00000000c0300000|100%|HC|  |TAMS 0x00000000c0300000, 0x00000000c0200000| Untracked 
|   3|0x00000000c0300000, 0x00000000c0400000, 0x00000000c0400000|100%|HC|  |TAMS 0x00000000c0400000, 0x00000000c0300000| Untracked 
|   4|0x00000000c0400000, 0x00000000c0500000, 0x00000000c0500000|100%|HS|  |TAMS 0x00000000c0500000, 0x00000000c0400000| Untracked 
|   5|0x00000000c0500000, 0x00000000c0600000, 0x00000000c0600000|100%|HC|  |TAMS 0x00000000c0600000, 0x00000000c0500000| Untracked 
|   6|0x00000000c0600000, 0x00000000c0700000, 0x00000000c0700000|100%| O|  |TAMS 0x00000000c0700000, 0x00000000c0600000| Untracked 
|   7|0x00000000c0700000, 0x00000000c0800000, 0x00000000c0800000|100%| O|  |TAMS 0x00000000c0800000, 0x00000000c0700000| Untracked 
|   8|0x00000000c0800000, 0x00000000c0900000, 0x00000000c0900000|100%| O|  |TAMS 0x00000000c0900000, 0x00000000c0800000| Untracked 
|   9|0x00000000c0900000, 0x00000000c0a00000, 0x00000000c0a00000|100%| O|  |TAMS 0x00000000c0a00000, 0x00000000c0900000| Untracked 
|  10|0x00000000c0a00000, 0x00000000c0b00000, 0x00000000c0b00000|100%| O|  |TAMS 0x00000000c0b00000, 0x00000000c0a00000| Untracked 
|  11|0x00000000c0b00000, 0x00000000c0bfffd8, 0x00000000c0c00000| 99%| O|  |TAMS 0x00000000c0bfffd8, 0x00000000c0b00000| Untracked 
|  12|0x00000000c0c00000, 0x00000000c0d00000, 0x00000000c0d00000|100%| O|  |TAMS 0x00000000c0d00000, 0x00000000c0c00000| Untracked 
|  13|0x00000000c0d00000, 0x00000000c0e00000, 0x00000000c0e00000|100%| O|  |TAMS 0x00000000c0e00000, 0x00000000c0d00000| Untracked 
|  14|0x00000000c0e00000, 0x00000000c0f00000, 0x00000000c0f00000|100%| O|  |TAMS 0x00000000c0f00000, 0x00000000c0e00000| Untracked 
|  15|0x00000000c0f00000, 0x00000000c0fffff0, 0x00000000c1000000| 99%| O|  |TAMS 0x00000000c0fffff0, 0x00000000c0f00000| Untracked 
|  16|0x00000000c1000000, 0x00000000c10ffff0, 0x00000000c1100000| 99%| O|  |TAMS 0x00000000c10ffff0, 0x00000000c1000000| Untracked 
|  17|0x00000000c1100000, 0x00000000c11fffe8, 0x00000000c1200000| 99%| O|  |TAMS 0x00000000c11fffe8, 0x00000000c1100000| Untracked 
|  18|0x00000000c1200000, 0x00000000c12ffff8, 0x00000000c1300000| 99%| O|  |TAMS 0x00000000c12ffff8, 0x00000000c1200000| Untracked 
|  19|0x00000000c1300000, 0x00000000c13fc708, 0x00000000c1400000| 98%| O|  |TAMS 0x00000000c13fc708, 0x00000000c1300000| Untracked 
|  20|0x00000000c1400000, 0x00000000c14fff78, 0x00000000c1500000| 99%| O|  |TAMS 0x00000000c14fff78, 0x00000000c1400000| Untracked 
|  21|0x00000000c1500000, 0x00000000c15fffa8, 0x00000000c1600000| 99%| O|  |TAMS 0x00000000c15fffa8, 0x00000000c1500000| Untracked 
|  22|0x00000000c1600000, 0x00000000c16fffe8, 0x00000000c1700000| 99%| O|  |TAMS 0x00000000c16fffe8, 0x00000000c1600000| Untracked 
|  23|0x00000000c1700000, 0x00000000c17fffa8, 0x00000000c1800000| 99%| O|  |TAMS 0x00000000c17fffa8, 0x00000000c1700000| Untracked 
|  24|0x00000000c1800000, 0x00000000c18ffff8, 0x00000000c1900000| 99%| O|  |TAMS 0x00000000c18ffff8, 0x00000000c1800000| Untracked 
|  25|0x00000000c1900000, 0x00000000c19ffff0, 0x00000000c1a00000| 99%| O|  |TAMS 0x00000000c19ffff0, 0x00000000c1900000| Untracked 
|  26|0x00000000c1a00000, 0x00000000c1afffe8, 0x00000000c1b00000| 99%| O|  |TAMS 0x00000000c1afffe8, 0x00000000c1a00000| Untracked 
|  27|0x00000000c1b00000, 0x00000000c1bfffe8, 0x00000000c1c00000| 99%| O|  |TAMS 0x00000000c1bfffe8, 0x00000000c1b00000| Untracked 
|  28|0x00000000c1c00000, 0x00000000c1cffff8, 0x00000000c1d00000| 99%| O|  |TAMS 0x00000000c1cffff8, 0x00000000c1c00000| Untracked 
|  29|0x00000000c1d00000, 0x00000000c1df6488, 0x00000000c1e00000| 96%| O|  |TAMS 0x00000000c1df6488, 0x00000000c1d00000| Untracked 
|  30|0x00000000c1e00000, 0x00000000c1efffe8, 0x00000000c1f00000| 99%| O|  |TAMS 0x00000000c1efffe8, 0x00000000c1e00000| Untracked 
|  31|0x00000000c1f00000, 0x00000000c1ffa760, 0x00000000c2000000| 97%| O|  |TAMS 0x00000000c1ffa760, 0x00000000c1f00000| Untracked 
|  32|0x00000000c2000000, 0x00000000c20fffe8, 0x00000000c2100000| 99%| O|  |TAMS 0x00000000c20fffe8, 0x00000000c2000000| Untracked 
|  33|0x00000000c2100000, 0x00000000c21d0000, 0x00000000c2200000| 81%| O|  |TAMS 0x00000000c2100000, 0x00000000c2100000| Untracked 
|  34|0x00000000c2200000, 0x00000000c22ffff0, 0x00000000c2300000| 99%| O|  |TAMS 0x00000000c22ffff0, 0x00000000c2200000| Untracked 
|  35|0x00000000c2300000, 0x00000000c23d9f88, 0x00000000c2400000| 85%| O|  |TAMS 0x00000000c2300000, 0x00000000c2300000| Untracked 
|  36|0x00000000c2400000, 0x00000000c2400000, 0x00000000c2500000|  0%| F|  |TAMS 0x00000000c2400000, 0x00000000c2400000| Untracked 
|  37|0x00000000c2500000, 0x00000000c2500000, 0x00000000c2600000|  0%| F|  |TAMS 0x00000000c2500000, 0x00000000c2500000| Untracked 
|  38|0x00000000c2600000, 0x00000000c2600000, 0x00000000c2700000|  0%| F|  |TAMS 0x00000000c2600000, 0x00000000c2600000| Untracked 
|  39|0x00000000c2700000, 0x00000000c2700000, 0x00000000c2800000|  0%| F|  |TAMS 0x00000000c2700000, 0x00000000c2700000| Untracked 
|  40|0x00000000c2800000, 0x00000000c2800000, 0x00000000c2900000|  0%| F|  |TAMS 0x00000000c2800000, 0x00000000c2800000| Untracked 
|  41|0x00000000c2900000, 0x00000000c2900000, 0x00000000c2a00000|  0%| F|  |TAMS 0x00000000c2900000, 0x00000000c2900000| Untracked 
|  42|0x00000000c2a00000, 0x00000000c2a00000, 0x00000000c2b00000|  0%| F|  |TAMS 0x00000000c2a00000, 0x00000000c2a00000| Untracked 
|  43|0x00000000c2b00000, 0x00000000c2b00000, 0x00000000c2c00000|  0%| F|  |TAMS 0x00000000c2b00000, 0x00000000c2b00000| Untracked 
|  44|0x00000000c2c00000, 0x00000000c2c00000, 0x00000000c2d00000|  0%| F|  |TAMS 0x00000000c2c00000, 0x00000000c2c00000| Untracked 
|  45|0x00000000c2d00000, 0x00000000c2d00000, 0x00000000c2e00000|  0%| F|  |TAMS 0x00000000c2d00000, 0x00000000c2d00000| Untracked 
|  46|0x00000000c2e00000, 0x00000000c2e00000, 0x00000000c2f00000|  0%| F|  |TAMS 0x00000000c2e00000, 0x00000000c2e00000| Untracked 
|  47|0x00000000c2f00000, 0x00000000c2f00000, 0x00000000c3000000|  0%| F|  |TAMS 0x00000000c2f00000, 0x00000000c2f00000| Untracked 
|  48|0x00000000c3000000, 0x00000000c3000000, 0x00000000c3100000|  0%| F|  |TAMS 0x00000000c3000000, 0x00000000c3000000| Untracked 
|  49|0x00000000c3100000, 0x00000000c3100000, 0x00000000c3200000|  0%| F|  |TAMS 0x00000000c3100000, 0x00000000c3100000| Untracked 
|  50|0x00000000c3200000, 0x00000000c3200000, 0x00000000c3300000|  0%| F|  |TAMS 0x00000000c3200000, 0x00000000c3200000| Untracked 
|  51|0x00000000c3300000, 0x00000000c3300000, 0x00000000c3400000|  0%| F|  |TAMS 0x00000000c3300000, 0x00000000c3300000| Untracked 
|  52|0x00000000c3400000, 0x00000000c3400000, 0x00000000c3500000|  0%| F|  |TAMS 0x00000000c3400000, 0x00000000c3400000| Untracked 
|  53|0x00000000c3500000, 0x00000000c3500000, 0x00000000c3600000|  0%| F|  |TAMS 0x00000000c3500000, 0x00000000c3500000| Untracked 
|  54|0x00000000c3600000, 0x00000000c3600000, 0x00000000c3700000|  0%| F|  |TAMS 0x00000000c3600000, 0x00000000c3600000| Untracked 
|  55|0x00000000c3700000, 0x00000000c3700000, 0x00000000c3800000|  0%| F|  |TAMS 0x00000000c3700000, 0x00000000c3700000| Untracked 
|  56|0x00000000c3800000, 0x00000000c3800000, 0x00000000c3900000|  0%| F|  |TAMS 0x00000000c3800000, 0x00000000c3800000| Untracked 
|  57|0x00000000c3900000, 0x00000000c3900000, 0x00000000c3a00000|  0%| F|  |TAMS 0x00000000c3900000, 0x00000000c3900000| Untracked 
|  58|0x00000000c3a00000, 0x00000000c3a00000, 0x00000000c3b00000|  0%| F|  |TAMS 0x00000000c3a00000, 0x00000000c3a00000| Untracked 
|  59|0x00000000c3b00000, 0x00000000c3b00000, 0x00000000c3c00000|  0%| F|  |TAMS 0x00000000c3b00000, 0x00000000c3b00000| Untracked 
|  60|0x00000000c3c00000, 0x00000000c3c00000, 0x00000000c3d00000|  0%| F|  |TAMS 0x00000000c3c00000, 0x00000000c3c00000| Untracked 
|  61|0x00000000c3d00000, 0x00000000c3d00000, 0x00000000c3e00000|  0%| F|  |TAMS 0x00000000c3d00000, 0x00000000c3d00000| Untracked 
|  62|0x00000000c3e00000, 0x00000000c3e00000, 0x00000000c3f00000|  0%| F|  |TAMS 0x00000000c3e00000, 0x00000000c3e00000| Untracked 
|  63|0x00000000c3f00000, 0x00000000c3f00000, 0x00000000c4000000|  0%| F|  |TAMS 0x00000000c3f00000, 0x00000000c3f00000| Untracked 
|  64|0x00000000c4000000, 0x00000000c4000000, 0x00000000c4100000|  0%| F|  |TAMS 0x00000000c4000000, 0x00000000c4000000| Untracked 
|  65|0x00000000c4100000, 0x00000000c4100000, 0x00000000c4200000|  0%| F|  |TAMS 0x00000000c4100000, 0x00000000c4100000| Untracked 
|  66|0x00000000c4200000, 0x00000000c4200000, 0x00000000c4300000|  0%| F|  |TAMS 0x00000000c4200000, 0x00000000c4200000| Untracked 
|  67|0x00000000c4300000, 0x00000000c4300000, 0x00000000c4400000|  0%| F|  |TAMS 0x00000000c4300000, 0x00000000c4300000| Untracked 
|  68|0x00000000c4400000, 0x00000000c4400000, 0x00000000c4500000|  0%| F|  |TAMS 0x00000000c4400000, 0x00000000c4400000| Untracked 
|  69|0x00000000c4500000, 0x00000000c4500000, 0x00000000c4600000|  0%| F|  |TAMS 0x00000000c4500000, 0x00000000c4500000| Untracked 
|  70|0x00000000c4600000, 0x00000000c4600000, 0x00000000c4700000|  0%| F|  |TAMS 0x00000000c4600000, 0x00000000c4600000| Untracked 
|  71|0x00000000c4700000, 0x00000000c4700000, 0x00000000c4800000|  0%| F|  |TAMS 0x00000000c4700000, 0x00000000c4700000| Untracked 
|  72|0x00000000c4800000, 0x00000000c4800000, 0x00000000c4900000|  0%| F|  |TAMS 0x00000000c4800000, 0x00000000c4800000| Untracked 
|  73|0x00000000c4900000, 0x00000000c4900000, 0x00000000c4a00000|  0%| F|  |TAMS 0x00000000c4900000, 0x00000000c4900000| Untracked 
|  74|0x00000000c4a00000, 0x00000000c4a00000, 0x00000000c4b00000|  0%| F|  |TAMS 0x00000000c4a00000, 0x00000000c4a00000| Untracked 
|  75|0x00000000c4b00000, 0x00000000c4b00000, 0x00000000c4c00000|  0%| F|  |TAMS 0x00000000c4b00000, 0x00000000c4b00000| Untracked 
|  76|0x00000000c4c00000, 0x00000000c4c00000, 0x00000000c4d00000|  0%| F|  |TAMS 0x00000000c4c00000, 0x00000000c4c00000| Untracked 
|  77|0x00000000c4d00000, 0x00000000c4d00000, 0x00000000c4e00000|  0%| F|  |TAMS 0x00000000c4d00000, 0x00000000c4d00000| Untracked 
|  78|0x00000000c4e00000, 0x00000000c4e00000, 0x00000000c4f00000|  0%| F|  |TAMS 0x00000000c4e00000, 0x00000000c4e00000| Untracked 
|  79|0x00000000c4f00000, 0x00000000c4f00000, 0x00000000c5000000|  0%| F|  |TAMS 0x00000000c4f00000, 0x00000000c4f00000| Untracked 
|  80|0x00000000c5000000, 0x00000000c5000000, 0x00000000c5100000|  0%| F|  |TAMS 0x00000000c5000000, 0x00000000c5000000| Untracked 
|  81|0x00000000c5100000, 0x00000000c5100000, 0x00000000c5200000|  0%| F|  |TAMS 0x00000000c5100000, 0x00000000c5100000| Untracked 
|  82|0x00000000c5200000, 0x00000000c5200000, 0x00000000c5300000|  0%| F|  |TAMS 0x00000000c5200000, 0x00000000c5200000| Untracked 
|  83|0x00000000c5300000, 0x00000000c5300000, 0x00000000c5400000|  0%| F|  |TAMS 0x00000000c5300000, 0x00000000c5300000| Untracked 
|  84|0x00000000c5400000, 0x00000000c5400000, 0x00000000c5500000|  0%| F|  |TAMS 0x00000000c5400000, 0x00000000c5400000| Untracked 
|  85|0x00000000c5500000, 0x00000000c5500000, 0x00000000c5600000|  0%| F|  |TAMS 0x00000000c5500000, 0x00000000c5500000| Untracked 
|  86|0x00000000c5600000, 0x00000000c5600000, 0x00000000c5700000|  0%| F|  |TAMS 0x00000000c5600000, 0x00000000c5600000| Untracked 
|  87|0x00000000c5700000, 0x00000000c5700000, 0x00000000c5800000|  0%| F|  |TAMS 0x00000000c5700000, 0x00000000c5700000| Untracked 
|  88|0x00000000c5800000, 0x00000000c5800000, 0x00000000c5900000|  0%| F|  |TAMS 0x00000000c5800000, 0x00000000c5800000| Untracked 
|  89|0x00000000c5900000, 0x00000000c5900000, 0x00000000c5a00000|  0%| F|  |TAMS 0x00000000c5900000, 0x00000000c5900000| Untracked 
|  90|0x00000000c5a00000, 0x00000000c5a00000, 0x00000000c5b00000|  0%| F|  |TAMS 0x00000000c5a00000, 0x00000000c5a00000| Untracked 
|  91|0x00000000c5b00000, 0x00000000c5b00000, 0x00000000c5c00000|  0%| F|  |TAMS 0x00000000c5b00000, 0x00000000c5b00000| Untracked 
|  92|0x00000000c5c00000, 0x00000000c5c00000, 0x00000000c5d00000|  0%| F|  |TAMS 0x00000000c5c00000, 0x00000000c5c00000| Untracked 
|  93|0x00000000c5d00000, 0x00000000c5d00000, 0x00000000c5e00000|  0%| F|  |TAMS 0x00000000c5d00000, 0x00000000c5d00000| Untracked 
|  94|0x00000000c5e00000, 0x00000000c5e00000, 0x00000000c5f00000|  0%| F|  |TAMS 0x00000000c5e00000, 0x00000000c5e00000| Untracked 
|  95|0x00000000c5f00000, 0x00000000c5f00000, 0x00000000c6000000|  0%| F|  |TAMS 0x00000000c5f00000, 0x00000000c5f00000| Untracked 
|  96|0x00000000c6000000, 0x00000000c6000000, 0x00000000c6100000|  0%| F|  |TAMS 0x00000000c6000000, 0x00000000c6000000| Untracked 
|  97|0x00000000c6100000, 0x00000000c6100000, 0x00000000c6200000|  0%| F|  |TAMS 0x00000000c6100000, 0x00000000c6100000| Untracked 
|  98|0x00000000c6200000, 0x00000000c6200000, 0x00000000c6300000|  0%| F|  |TAMS 0x00000000c6200000, 0x00000000c6200000| Untracked 
|  99|0x00000000c6300000, 0x00000000c6300000, 0x00000000c6400000|  0%| F|  |TAMS 0x00000000c6300000, 0x00000000c6300000| Untracked 
| 100|0x00000000c6400000, 0x00000000c6400000, 0x00000000c6500000|  0%| F|  |TAMS 0x00000000c6400000, 0x00000000c6400000| Untracked 
| 101|0x00000000c6500000, 0x00000000c6500000, 0x00000000c6600000|  0%| F|  |TAMS 0x00000000c6500000, 0x00000000c6500000| Untracked 
| 102|0x00000000c6600000, 0x00000000c6600000, 0x00000000c6700000|  0%| F|  |TAMS 0x00000000c6600000, 0x00000000c6600000| Untracked 
| 103|0x00000000c6700000, 0x00000000c6700000, 0x00000000c6800000|  0%| F|  |TAMS 0x00000000c6700000, 0x00000000c6700000| Untracked 
| 104|0x00000000c6800000, 0x00000000c6800000, 0x00000000c6900000|  0%| F|  |TAMS 0x00000000c6800000, 0x00000000c6800000| Untracked 
| 105|0x00000000c6900000, 0x00000000c6900000, 0x00000000c6a00000|  0%| F|  |TAMS 0x00000000c6900000, 0x00000000c6900000| Untracked 
| 106|0x00000000c6a00000, 0x00000000c6a00000, 0x00000000c6b00000|  0%| F|  |TAMS 0x00000000c6a00000, 0x00000000c6a00000| Untracked 
| 107|0x00000000c6b00000, 0x00000000c6b00000, 0x00000000c6c00000|  0%| F|  |TAMS 0x00000000c6b00000, 0x00000000c6b00000| Untracked 
| 108|0x00000000c6c00000, 0x00000000c6c00000, 0x00000000c6d00000|  0%| F|  |TAMS 0x00000000c6c00000, 0x00000000c6c00000| Untracked 
| 109|0x00000000c6d00000, 0x00000000c6d00000, 0x00000000c6e00000|  0%| F|  |TAMS 0x00000000c6d00000, 0x00000000c6d00000| Untracked 
| 110|0x00000000c6e00000, 0x00000000c6e00000, 0x00000000c6f00000|  0%| F|  |TAMS 0x00000000c6e00000, 0x00000000c6e00000| Untracked 
| 111|0x00000000c6f00000, 0x00000000c6f00000, 0x00000000c7000000|  0%| F|  |TAMS 0x00000000c6f00000, 0x00000000c6f00000| Untracked 
| 112|0x00000000c7000000, 0x00000000c7000000, 0x00000000c7100000|  0%| F|  |TAMS 0x00000000c7000000, 0x00000000c7000000| Untracked 
| 113|0x00000000c7100000, 0x00000000c7100000, 0x00000000c7200000|  0%| F|  |TAMS 0x00000000c7100000, 0x00000000c7100000| Untracked 
| 114|0x00000000c7200000, 0x00000000c7200000, 0x00000000c7300000|  0%| F|  |TAMS 0x00000000c7200000, 0x00000000c7200000| Untracked 
| 115|0x00000000c7300000, 0x00000000c7300000, 0x00000000c7400000|  0%| F|  |TAMS 0x00000000c7300000, 0x00000000c7300000| Untracked 
| 116|0x00000000c7400000, 0x00000000c7400000, 0x00000000c7500000|  0%| F|  |TAMS 0x00000000c7400000, 0x00000000c7400000| Untracked 
| 117|0x00000000c7500000, 0x00000000c7500000, 0x00000000c7600000|  0%| F|  |TAMS 0x00000000c7500000, 0x00000000c7500000| Untracked 
| 118|0x00000000c7600000, 0x00000000c7600000, 0x00000000c7700000|  0%| F|  |TAMS 0x00000000c7600000, 0x00000000c7600000| Untracked 
| 119|0x00000000c7700000, 0x00000000c77058a8, 0x00000000c7800000|  2%| E|  |TAMS 0x00000000c7700000, 0x00000000c7700000| Complete 

Card table byte_map: [0x000001eebae60000,0x000001eebb060000] _byte_map_base: 0x000001eeba860000

Marking Bits (Prev, Next): (CMBitMap*) 0x000001eeb4ce5280, (CMBitMap*) 0x000001eeb4ce5240
 Prev Bits: [0x000001eebc260000, 0x000001eebd260000)
 Next Bits: [0x000001eebb260000, 0x000001eebc260000)

Polling page: 0x000001eeb4450000

Metaspace:

Usage:
  Non-class:     53.38 MB used.
      Class:      7.69 MB used.
       Both:     61.07 MB used.

Virtual space:
  Non-class space:       64.00 MB reserved,      53.69 MB ( 84%) committed,  1 nodes.
      Class space:        1.00 GB reserved,       7.88 MB ( <1%) committed,  1 nodes.
             Both:        1.06 GB reserved,      61.56 MB (  6%) committed. 

Chunk freelists:
   Non-Class:  10.41 MB
       Class:  8.15 MB
        Both:  18.56 MB

MaxMetaspaceSize: unlimited
CompressedClassSpaceSize: 1.00 GB
Initial GC threshold: 21.00 MB
Current GC threshold: 102.62 MB
CDS: off
MetaspaceReclaimPolicy: balanced
 - commit_granule_bytes: 65536.
 - commit_granule_words: 8192.
 - virtual_space_node_default_size: 8388608.
 - enlarge_chunks_in_place: 1.
 - new_chunks_are_fully_committed: 0.
 - uncommit_free_chunks: 1.
 - use_allocation_guard: 0.
 - handle_deallocations: 1.


Internal statistics:

num_allocs_failed_limit: 6.
num_arena_births: 1244.
num_arena_deaths: 656.
num_vsnodes_births: 2.
num_vsnodes_deaths: 0.
num_space_committed: 986.
num_space_uncommitted: 1.
num_chunks_returned_to_freelist: 863.
num_chunks_taken_from_freelist: 3533.
num_chunk_merges: 288.
num_chunk_splits: 2149.
num_chunks_enlarged: 1487.
num_inconsistent_stats: 0.

CodeCache: size=49152Kb used=18297Kb max_used=18435Kb free=30854Kb
 bounds [0x000001eeb7930000, 0x000001eeb8b40000, 0x000001eeba930000]
 total_blobs=10591 nmethods=9899 adapters=618
 compilation: enabled
              stopped_count=0, restarted_count=0
 full_count=0

Compilation events (20 events):
Event: 3511.419 Thread 0x000001eec40745c0 9886   !   1       java.lang.ProcessImpl::<init> (327 bytes)
Event: 3511.420 Thread 0x000001eec40745c0 nmethod 9886 0x000001eeb8abf710 code [0x000001eeb8abfb60, 0x000001eeb8ac0f18]
Event: 3511.420 Thread 0x000001eec40745c0 9887       1       java.lang.Process::<init> (5 bytes)
Event: 3511.420 Thread 0x000001eec40745c0 nmethod 9887 0x000001eeb8abf410 code [0x000001eeb8abf5a0, 0x000001eeb8abf658]
Event: 3511.420 Thread 0x000001eec40745c0 9889       1       java.lang.invoke.LambdaForm$DMH/0x0000000100734400::newInvokeSpecial (23 bytes)
Event: 3511.420 Thread 0x000001eec40745c0 nmethod 9889 0x000001eeb8abef90 code [0x000001eeb8abf140, 0x000001eeb8abf2c8]
Event: 3511.420 Thread 0x000001eec40745c0 9890       1       java.lang.ProcessImpl$$Lambda$1009/0x00000001006a7338::<init> (10 bytes)
Event: 3511.420 Thread 0x000001eec40745c0 nmethod 9890 0x000001eeb8abec90 code [0x000001eeb8abee20, 0x000001eeb8abeef8]
Event: 3511.420 Thread 0x000001eec40745c0 9892       1       java.lang.ProcessHandleImpl::getInternal (13 bytes)
Event: 3511.420 Thread 0x000001eec40745c0 nmethod 9892 0x000001eeb8abe910 code [0x000001eeb8abeaa0, 0x000001eeb8abec08]
Event: 3511.469 Thread 0x000001eec40745c0 9893   !   1       java.io.FilterOutputStream::close (183 bytes)
Event: 3511.491 Thread 0x000001eec40745c0 nmethod 9893 0x000001eeb8abd790 code [0x000001eeb8abd9a0, 0x000001eeb8abde78]
Event: 3511.491 Thread 0x000001eec40745c0 9895       1       java.lang.ProcessImpl$$Lambda$1009/0x00000001006a7338::run (8 bytes)
Event: 3511.491 Thread 0x000001eec40745c0 nmethod 9895 0x000001eeb8abd490 code [0x000001eeb8abd620, 0x000001eeb8abd708]
Event: 3511.491 Thread 0x000001eec40745c0 9896       1       java.lang.ProcessImpl::lambda$new$0 (6 bytes)
Event: 3511.491 Thread 0x000001eec40745c0 nmethod 9896 0x000001eeb8abd190 code [0x000001eeb8abd320, 0x000001eeb8abd3e8]
Event: 4802.532 Thread 0x000001eec40745c0 9898       1       java.lang.ProcessImpl$2::run (242 bytes)
Event: 4802.533 Thread 0x000001eec40745c0 nmethod 9898 0x000001eeb8abb710 code [0x000001eeb8abb9c0, 0x000001eeb8abc758]
Event: 4802.533 Thread 0x000001eec40745c0 9899       1       java.lang.ProcessImpl::waitFor (136 bytes)
Event: 4802.533 Thread 0x000001eec40745c0 nmethod 9899 0x000001eeb8abae90 code [0x000001eeb8abb0a0, 0x000001eeb8abb4b8]

GC Heap History (20 events):
Event: 229645.331 GC heap before
{Heap before GC invocations=22691 (full 22645):
 garbage-first heap   total 122880K, used 36444K [0x00000000c0000000, 0x0000000100000000)
  region size 1024K, 1 young (1024K), 0 survivors (0K)
 Metaspace       used 62534K, committed 63040K, reserved 1114112K
  class space    used 7878K, committed 8064K, reserved 1048576K
}
Event: 229645.351 GC heap after
{Heap after GC invocations=22692 (full 22646):
 garbage-first heap   total 122880K, used 36444K [0x00000000c0000000, 0x0000000100000000)
  region size 1024K, 0 young (0K), 0 survivors (0K)
 Metaspace       used 62534K, committed 63040K, reserved 1114112K
  class space    used 7878K, committed 8064K, reserved 1048576K
}
Event: 229655.417 GC heap before
{Heap before GC invocations=22692 (full 22646):
 garbage-first heap   total 122880K, used 36444K [0x00000000c0000000, 0x0000000100000000)
  region size 1024K, 1 young (1024K), 0 survivors (0K)
 Metaspace       used 62534K, committed 63040K, reserved 1114112K
  class space    used 7878K, committed 8064K, reserved 1048576K
}
Event: 229655.441 GC heap after
{Heap after GC invocations=22693 (full 22647):
 garbage-first heap   total 122880K, used 36444K [0x00000000c0000000, 0x0000000100000000)
  region size 1024K, 0 young (0K), 0 survivors (0K)
 Metaspace       used 62534K, committed 63040K, reserved 1114112K
  class space    used 7878K, committed 8064K, reserved 1048576K
}
Event: 229665.532 GC heap before
{Heap before GC invocations=22693 (full 22647):
 garbage-first heap   total 122880K, used 36444K [0x00000000c0000000, 0x0000000100000000)
  region size 1024K, 1 young (1024K), 0 survivors (0K)
 Metaspace       used 62534K, committed 63040K, reserved 1114112K
  class space    used 7878K, committed 8064K, reserved 1048576K
}
Event: 229665.562 GC heap after
{Heap after GC invocations=22694 (full 22648):
 garbage-first heap   total 122880K, used 36444K [0x00000000c0000000, 0x0000000100000000)
  region size 1024K, 0 young (0K), 0 survivors (0K)
 Metaspace       used 62534K, committed 63040K, reserved 1114112K
  class space    used 7878K, committed 8064K, reserved 1048576K
}
Event: 229675.636 GC heap before
{Heap before GC invocations=22694 (full 22648):
 garbage-first heap   total 122880K, used 36444K [0x00000000c0000000, 0x0000000100000000)
  region size 1024K, 1 young (1024K), 0 survivors (0K)
 Metaspace       used 62534K, committed 63040K, reserved 1114112K
  class space    used 7878K, committed 8064K, reserved 1048576K
}
Event: 229675.663 GC heap after
{Heap after GC invocations=22695 (full 22649):
 garbage-first heap   total 122880K, used 36444K [0x00000000c0000000, 0x0000000100000000)
  region size 1024K, 0 young (0K), 0 survivors (0K)
 Metaspace       used 62534K, committed 63040K, reserved 1114112K
  class space    used 7878K, committed 8064K, reserved 1048576K
}
Event: 229685.739 GC heap before
{Heap before GC invocations=22695 (full 22649):
 garbage-first heap   total 122880K, used 36444K [0x00000000c0000000, 0x0000000100000000)
  region size 1024K, 1 young (1024K), 0 survivors (0K)
 Metaspace       used 62534K, committed 63040K, reserved 1114112K
  class space    used 7878K, committed 8064K, reserved 1048576K
}
Event: 229685.761 GC heap after
{Heap after GC invocations=22696 (full 22650):
 garbage-first heap   total 122880K, used 36444K [0x00000000c0000000, 0x0000000100000000)
  region size 1024K, 0 young (0K), 0 survivors (0K)
 Metaspace       used 62534K, committed 63040K, reserved 1114112K
  class space    used 7878K, committed 8064K, reserved 1048576K
}
Event: 229695.821 GC heap before
{Heap before GC invocations=22696 (full 22650):
 garbage-first heap   total 122880K, used 36444K [0x00000000c0000000, 0x0000000100000000)
  region size 1024K, 1 young (1024K), 0 survivors (0K)
 Metaspace       used 62534K, committed 63040K, reserved 1114112K
  class space    used 7878K, committed 8064K, reserved 1048576K
}
Event: 229695.841 GC heap after
{Heap after GC invocations=22697 (full 22651):
 garbage-first heap   total 122880K, used 36444K [0x00000000c0000000, 0x0000000100000000)
  region size 1024K, 0 young (0K), 0 survivors (0K)
 Metaspace       used 62534K, committed 63040K, reserved 1114112K
  class space    used 7878K, committed 8064K, reserved 1048576K
}
Event: 229705.903 GC heap before
{Heap before GC invocations=22697 (full 22651):
 garbage-first heap   total 122880K, used 36444K [0x00000000c0000000, 0x0000000100000000)
  region size 1024K, 1 young (1024K), 0 survivors (0K)
 Metaspace       used 62534K, committed 63040K, reserved 1114112K
  class space    used 7878K, committed 8064K, reserved 1048576K
}
Event: 229705.924 GC heap after
{Heap after GC invocations=22698 (full 22652):
 garbage-first heap   total 122880K, used 36444K [0x00000000c0000000, 0x0000000100000000)
  region size 1024K, 0 young (0K), 0 survivors (0K)
 Metaspace       used 62534K, committed 63040K, reserved 1114112K
  class space    used 7878K, committed 8064K, reserved 1048576K
}
Event: 229715.988 GC heap before
{Heap before GC invocations=22698 (full 22652):
 garbage-first heap   total 122880K, used 36444K [0x00000000c0000000, 0x0000000100000000)
  region size 1024K, 1 young (1024K), 0 survivors (0K)
 Metaspace       used 62534K, committed 63040K, reserved 1114112K
  class space    used 7878K, committed 8064K, reserved 1048576K
}
Event: 229716.011 GC heap after
{Heap after GC invocations=22699 (full 22653):
 garbage-first heap   total 122880K, used 36444K [0x00000000c0000000, 0x0000000100000000)
  region size 1024K, 0 young (0K), 0 survivors (0K)
 Metaspace       used 62534K, committed 63040K, reserved 1114112K
  class space    used 7878K, committed 8064K, reserved 1048576K
}
Event: 229726.081 GC heap before
{Heap before GC invocations=22699 (full 22653):
 garbage-first heap   total 122880K, used 36444K [0x00000000c0000000, 0x0000000100000000)
  region size 1024K, 1 young (1024K), 0 survivors (0K)
 Metaspace       used 62534K, committed 63040K, reserved 1114112K
  class space    used 7878K, committed 8064K, reserved 1048576K
}
Event: 229726.104 GC heap after
{Heap after GC invocations=22700 (full 22654):
 garbage-first heap   total 122880K, used 36444K [0x00000000c0000000, 0x0000000100000000)
  region size 1024K, 0 young (0K), 0 survivors (0K)
 Metaspace       used 62534K, committed 63040K, reserved 1114112K
  class space    used 7878K, committed 8064K, reserved 1048576K
}
Event: 229736.166 GC heap before
{Heap before GC invocations=22700 (full 22654):
 garbage-first heap   total 122880K, used 36444K [0x00000000c0000000, 0x0000000100000000)
  region size 1024K, 1 young (1024K), 0 survivors (0K)
 Metaspace       used 62534K, committed 63040K, reserved 1114112K
  class space    used 7878K, committed 8064K, reserved 1048576K
}
Event: 229736.187 GC heap after
{Heap after GC invocations=22701 (full 22655):
 garbage-first heap   total 122880K, used 36444K [0x00000000c0000000, 0x0000000100000000)
  region size 1024K, 0 young (0K), 0 survivors (0K)
 Metaspace       used 62534K, committed 63040K, reserved 1114112K
  class space    used 7878K, committed 8064K, reserved 1048576K
}

Dll operation events (11 events):
Event: 0.006 Loaded shared library c:\Users\g56440\.vscode\extensions\redhat.java-1.30.0-win32-x64\jre\17.0.10-win32-x86_64\bin\java.dll
Event: 0.152 Loaded shared library C:\Users\g56440\.vscode\extensions\redhat.java-1.30.0-win32-x64\jre\17.0.10-win32-x86_64\bin\net.dll
Event: 0.153 Loaded shared library C:\Users\g56440\.vscode\extensions\redhat.java-1.30.0-win32-x64\jre\17.0.10-win32-x86_64\bin\nio.dll
Event: 0.390 Loaded shared library C:\Users\g56440\.vscode\extensions\redhat.java-1.30.0-win32-x64\jre\17.0.10-win32-x86_64\bin\zip.dll
Event: 4.513 Loaded shared library C:\Users\g56440\.vscode\extensions\redhat.java-1.30.0-win32-x64\jre\17.0.10-win32-x86_64\bin\jimage.dll
Event: 5.580 Loaded shared library c:\Users\g56440\.vscode\extensions\redhat.java-1.30.0-win32-x64\jre\17.0.10-win32-x86_64\bin\verify.dll
Event: 7.969 Loaded shared library C:\Users\g56440\.vscode\extensions\redhat.java-1.30.0-win32-x64\jre\17.0.10-win32-x86_64\bin\management.dll
Event: 7.971 Loaded shared library C:\Users\g56440\.vscode\extensions\redhat.java-1.30.0-win32-x64\jre\17.0.10-win32-x86_64\bin\management_ext.dll
Event: 8.817 Loaded shared library C:\Users\g56440\.vscode\extensions\redhat.java-1.30.0-win32-x64\jre\17.0.10-win32-x86_64\bin\sunmscapi.dll
Event: 8.935 Loaded shared library C:\Users\g56440\.vscode\extensions\redhat.java-1.30.0-win32-x64\jre\17.0.10-win32-x86_64\bin\extnet.dll
Event: 116.501 Loaded shared library C:\Users\g56440\.vscode\extensions\redhat.java-1.30.0-win32-x64\jre\17.0.10-win32-x86_64\bin\rmi.dll

Deoptimization events (8 events):
Event: 8.207 Thread 0x000001eec406df10 DEOPT PACKING pc=0x000001eeb7ef2f81 sp=0x000000c4b04fdf10
Event: 8.207 Thread 0x000001eec406df10 DEOPT UNPACKING pc=0x000001eeb7987143 sp=0x000000c4b04fd3a0 mode 3
Event: 8.216 Thread 0x000001eec406df10 DEOPT PACKING pc=0x000001eeb7ed2117 sp=0x000000c4b04ff240
Event: 8.216 Thread 0x000001eec406df10 DEOPT UNPACKING pc=0x000001eeb7987143 sp=0x000000c4b04fe698 mode 3
Event: 8.849 Thread 0x000001eec5c338e0 DEOPT PACKING pc=0x000001eeb7b1b70c sp=0x000000c4b0cfad50
Event: 8.849 Thread 0x000001eec5c338e0 DEOPT UNPACKING pc=0x000001eeb7987143 sp=0x000000c4b0cfa218 mode 0
Event: 88.359 Thread 0x000001eec406ac70 DEOPT PACKING pc=0x000001eeb7fca3d4 sp=0x000000c4b03ff090
Event: 88.359 Thread 0x000001eec406ac70 DEOPT UNPACKING pc=0x000001eeb7987143 sp=0x000000c4b03fe538 mode 0

Classes unloaded (20 events):
Event: 1569.033 Thread 0x000001eebff3a230 Unloading class 0x00000001007dc000 'java/lang/invoke/LambdaForm$MH+0x00000001007dc000'
Event: 1569.033 Thread 0x000001eebff3a230 Unloading class 0x00000001003b4800 'java/lang/invoke/LambdaForm$MH+0x00000001003b4800'
Event: 1569.033 Thread 0x000001eebff3a230 Unloading class 0x00000001003a9c00 'java/lang/invoke/LambdaForm$MH+0x00000001003a9c00'
Event: 1674.189 Thread 0x000001eebff3a230 Unloading class 0x00000001007dd000 'java/lang/invoke/LambdaForm$MH+0x00000001007dd000'
Event: 1674.189 Thread 0x000001eebff3a230 Unloading class 0x0000000100514400 'java/lang/invoke/LambdaForm$MH+0x0000000100514400'
Event: 1674.189 Thread 0x000001eebff3a230 Unloading class 0x000000010053c000 'java/lang/invoke/LambdaForm$MH+0x000000010053c000'
Event: 1674.189 Thread 0x000001eebff3a230 Unloading class 0x00000001007d4800 'java/lang/invoke/LambdaForm$MH+0x00000001007d4800'
Event: 1674.189 Thread 0x000001eebff3a230 Unloading class 0x00000001003a9c00 'java/lang/invoke/LambdaForm$MH+0x00000001003a9c00'
Event: 1704.449 Thread 0x000001eebff3a230 Unloading class 0x00000001007dcc00 'java/lang/invoke/LambdaForm$MH+0x00000001007dcc00'
Event: 1704.449 Thread 0x000001eebff3a230 Unloading class 0x00000001007dc800 'java/lang/invoke/LambdaForm$MH+0x00000001007dc800'
Event: 1704.449 Thread 0x000001eebff3a230 Unloading class 0x00000001007dc400 'java/lang/invoke/LambdaForm$MH+0x00000001007dc400'
Event: 1704.449 Thread 0x000001eebff3a230 Unloading class 0x00000001007dc000 'java/lang/invoke/LambdaForm$MH+0x00000001007dc000'
Event: 1704.449 Thread 0x000001eebff3a230 Unloading class 0x00000001003b4800 'java/lang/invoke/LambdaForm$MH+0x00000001003b4800'
Event: 1724.626 Thread 0x000001eebff3a230 Unloading class 0x00000001007cd000 'jdk/internal/reflect/GeneratedMethodAccessor31'
Event: 1724.626 Thread 0x000001eebff3a230 Unloading class 0x00000001007b4400 'jdk/internal/reflect/GeneratedConstructorAccessor58'
Event: 1724.626 Thread 0x000001eebff3a230 Unloading class 0x00000001007b4000 'jdk/internal/reflect/GeneratedMethodAccessor30'
Event: 1724.626 Thread 0x000001eebff3a230 Unloading class 0x00000001007cc400 'jdk/internal/reflect/GeneratedConstructorAccessor57'
Event: 1724.626 Thread 0x000001eebff3a230 Unloading class 0x00000001007cc000 'jdk/internal/reflect/GeneratedMethodAccessor29'
Event: 1724.626 Thread 0x000001eebff3a230 Unloading class 0x000000010075d800 'jdk/internal/reflect/GeneratedMethodAccessor28'
Event: 1724.626 Thread 0x000001eebff3a230 Unloading class 0x0000000100758800 'jdk/internal/reflect/GeneratedMethodAccessor27'

Classes redefined (0 events):
No events

Internal exceptions (20 events):
Event: 1204.359 Thread 0x000001eec5c31a80 Exception <a 'java/lang/NoSuchMethodError'{0x00000000cc0bff48}: 'java.lang.Object java.lang.invoke.DirectMethodHandle$Holder.newInvokeSpecial(java.lang.Object, java.lang.Object, int, java.lang.Object)'> (0x00000000cc0bff48) 
thrown [s\src\hotspot\share\interpreter\linkResolver.cpp, line 759]
Event: 1204.360 Thread 0x000001eec5c31a80 Exception <a 'java/lang/NoSuchMethodError'{0x00000000cc0c3868}: 'java.lang.Object java.lang.invoke.Invokers$Holder.linkToTargetMethod(java.lang.Object, int, java.lang.Object, java.lang.Object)'> (0x00000000cc0c3868) 
thrown [s\src\hotspot\share\interpreter\linkResolver.cpp, line 759]
Event: 1298.764 Thread 0x000001eec5c34300 Exception <a 'java/net/ConnectException'{0x00000000c89299f0}: Connection refused: connect> (0x00000000c89299f0) 
thrown [s\src\hotspot\share\prims\jni.cpp, line 535]
Event: 1298.764 Thread 0x000001eec5c34300 Exception <a 'java/net/SocketException'{0x00000000c8929d28}: Socket is not connected: shutdown> (0x00000000c8929d28) 
thrown [s\src\hotspot\share\prims\jni.cpp, line 535]
Event: 1313.195 Thread 0x000001eec5c34300 Exception <a 'java/net/ConnectException'{0x00000000c892a8d0}: Connection refused: connect> (0x00000000c892a8d0) 
thrown [s\src\hotspot\share\prims\jni.cpp, line 535]
Event: 1313.195 Thread 0x000001eec5c34300 Exception <a 'java/net/SocketException'{0x00000000c892ac08}: Socket is not connected: shutdown> (0x00000000c892ac08) 
thrown [s\src\hotspot\share\prims\jni.cpp, line 535]
Event: 1313.195 Thread 0x000001eec5c34300 Exception <a 'java/net/ConnectException'{0x00000000c892b7a0}: Connection refused: connect> (0x00000000c892b7a0) 
thrown [s\src\hotspot\share\prims\jni.cpp, line 535]
Event: 1313.195 Thread 0x000001eec5c34300 Exception <a 'java/net/SocketException'{0x00000000c892bad8}: Socket is not connected: shutdown> (0x00000000c892bad8) 
thrown [s\src\hotspot\share\prims\jni.cpp, line 535]
Event: 1313.200 Thread 0x000001eec5c34300 Exception <a 'java/net/ConnectException'{0x00000000c892c680}: Connection refused: connect> (0x00000000c892c680) 
thrown [s\src\hotspot\share\prims\jni.cpp, line 535]
Event: 1313.200 Thread 0x000001eec5c34300 Exception <a 'java/net/SocketException'{0x00000000c892c9b8}: Socket is not connected: shutdown> (0x00000000c892c9b8) 
thrown [s\src\hotspot\share\prims\jni.cpp, line 535]
Event: 1313.200 Thread 0x000001eec5c34300 Exception <a 'java/net/ConnectException'{0x00000000c892d550}: Connection refused: connect> (0x00000000c892d550) 
thrown [s\src\hotspot\share\prims\jni.cpp, line 535]
Event: 1313.200 Thread 0x000001eec5c34300 Exception <a 'java/net/SocketException'{0x00000000c892d888}: Socket is not connected: shutdown> (0x00000000c892d888) 
thrown [s\src\hotspot\share\prims\jni.cpp, line 535]
Event: 1314.200 Thread 0x000001eec5c34300 Exception <a 'java/net/ConnectException'{0x00000000c892e430}: Connection refused: connect> (0x00000000c892e430) 
thrown [s\src\hotspot\share\prims\jni.cpp, line 535]
Event: 1314.200 Thread 0x000001eec5c34300 Exception <a 'java/net/SocketException'{0x00000000c892e768}: Socket is not connected: shutdown> (0x00000000c892e768) 
thrown [s\src\hotspot\share\prims\jni.cpp, line 535]
Event: 1314.201 Thread 0x000001eec5c34300 Exception <a 'java/net/ConnectException'{0x00000000c892f300}: Connection refused: connect> (0x00000000c892f300) 
thrown [s\src\hotspot\share\prims\jni.cpp, line 535]
Event: 1314.201 Thread 0x000001eec5c34300 Exception <a 'java/net/SocketException'{0x00000000c892f638}: Socket is not connected: shutdown> (0x00000000c892f638) 
thrown [s\src\hotspot\share\prims\jni.cpp, line 535]
Event: 1316.204 Thread 0x000001eec5c34300 Exception <a 'java/net/ConnectException'{0x00000000c89301e0}: Connection refused: connect> (0x00000000c89301e0) 
thrown [s\src\hotspot\share\prims\jni.cpp, line 535]
Event: 1316.204 Thread 0x000001eec5c34300 Exception <a 'java/net/SocketException'{0x00000000c8930518}: Socket is not connected: shutdown> (0x00000000c8930518) 
thrown [s\src\hotspot\share\prims\jni.cpp, line 535]
Event: 1316.204 Thread 0x000001eec5c34300 Exception <a 'java/net/ConnectException'{0x00000000c89310b0}: Connection refused: connect> (0x00000000c89310b0) 
thrown [s\src\hotspot\share\prims\jni.cpp, line 535]
Event: 1316.204 Thread 0x000001eec5c34300 Exception <a 'java/net/SocketException'{0x00000000c89313e8}: Socket is not connected: shutdown> (0x00000000c89313e8) 
thrown [s\src\hotspot\share\prims\jni.cpp, line 535]

VM Operations (20 events):
Event: 229645.351 Executing VM operation: G1CollectFull done
Event: 229655.417 Executing VM operation: G1CollectFull
Event: 229655.441 Executing VM operation: G1CollectFull done
Event: 229665.532 Executing VM operation: G1CollectFull
Event: 229665.562 Executing VM operation: G1CollectFull done
Event: 229675.636 Executing VM operation: G1CollectFull
Event: 229675.663 Executing VM operation: G1CollectFull done
Event: 229685.739 Executing VM operation: G1CollectFull
Event: 229685.761 Executing VM operation: G1CollectFull done
Event: 229695.821 Executing VM operation: G1CollectFull
Event: 229695.841 Executing VM operation: G1CollectFull done
Event: 229705.903 Executing VM operation: G1CollectFull
Event: 229705.924 Executing VM operation: G1CollectFull done
Event: 229715.988 Executing VM operation: G1CollectFull
Event: 229716.011 Executing VM operation: G1CollectFull done
Event: 229726.081 Executing VM operation: G1CollectFull
Event: 229726.104 Executing VM operation: G1CollectFull done
Event: 229736.166 Executing VM operation: G1CollectFull
Event: 229736.187 Executing VM operation: G1CollectFull done
Event: 229746.226 Executing VM operation: G1CollectFull

Events (20 events):
Event: 1432.705 Thread 0x000001eec6e02a80 Thread added: 0x000001eec6e02a80
Event: 1437.054 Thread 0x000001eec6e02a80 Thread exited: 0x000001eec6e02a80
Event: 1437.054 Thread 0x000001eec6e02560 Thread exited: 0x000001eec6e02560
Event: 1520.388 Thread 0x000001eec5c34810 Thread exited: 0x000001eec5c34810
Event: 1541.651 Thread 0x000001eec5c31570 Thread exited: 0x000001eec5c31570
Event: 1541.651 Thread 0x000001eec5c31a80 Thread exited: 0x000001eec5c31a80
Event: 1542.129 Thread 0x000001eec5c31060 Thread exited: 0x000001eec5c31060
Event: 1549.311 Thread 0x000001eec5c31a80 Thread added: 0x000001eec5c31a80
Event: 1549.312 Thread 0x000001eec5c34300 Thread added: 0x000001eec5c34300
Event: 1549.313 Thread 0x000001eec5c34810 Thread added: 0x000001eec5c34810
Event: 1564.549 Thread 0x000001eec5c31570 Thread added: 0x000001eec5c31570
Event: 1572.397 Thread 0x000001eec519eef0 Thread added: 0x000001eec519eef0
Event: 1587.589 Thread 0x000001eec6dc4010 Thread added: 0x000001eec6dc4010
Event: 1595.321 Thread 0x000001eec6dc4010 Thread exited: 0x000001eec6dc4010
Event: 1624.563 Thread 0x000001eec5c33df0 Thread exited: 0x000001eec5c33df0
Event: 1684.797 Thread 0x000001eec5c34300 Thread exited: 0x000001eec5c34300
Event: 1686.829 Thread 0x000001eec519eef0 Thread exited: 0x000001eec519eef0
Event: 1686.952 Thread 0x000001eec5c31a80 Thread exited: 0x000001eec5c31a80
Event: 1686.968 Thread 0x000001eec5c34810 Thread exited: 0x000001eec5c34810
Event: 1686.968 Thread 0x000001eec5c31570 Thread exited: 0x000001eec5c31570


Dynamic libraries:
0x00007ff69ead0000 - 0x00007ff69eade000 	c:\Users\g56440\.vscode\extensions\redhat.java-1.30.0-win32-x64\jre\17.0.10-win32-x86_64\bin\java.exe
0x00007ffd432b0000 - 0x00007ffd434c7000 	C:\WINDOWS\SYSTEM32\ntdll.dll
0x00007ffd41de0000 - 0x00007ffd41ea4000 	C:\WINDOWS\System32\KERNEL32.DLL
0x00007ffd407b0000 - 0x00007ffd40b57000 	C:\WINDOWS\System32\KERNELBASE.dll
0x00007ffd40c00000 - 0x00007ffd40d11000 	C:\WINDOWS\System32\ucrtbase.dll
0x00007ffd3d790000 - 0x00007ffd3d7ab000 	c:\Users\g56440\.vscode\extensions\redhat.java-1.30.0-win32-x64\jre\17.0.10-win32-x86_64\bin\VCRUNTIME140.dll
0x00007ffd24d80000 - 0x00007ffd24d97000 	c:\Users\g56440\.vscode\extensions\redhat.java-1.30.0-win32-x64\jre\17.0.10-win32-x86_64\bin\jli.dll
0x00007ffd42830000 - 0x00007ffd429de000 	C:\WINDOWS\System32\USER32.dll
0x00007ffd0f550000 - 0x00007ffd0f7e3000 	C:\WINDOWS\WinSxS\amd64_microsoft.windows.common-controls_6595b64144ccf1df_6.0.22621.3527_none_270e469b73872a76\COMCTL32.dll
0x00007ffd40650000 - 0x00007ffd40676000 	C:\WINDOWS\System32\win32u.dll
0x00007ffd41ef0000 - 0x00007ffd41f97000 	C:\WINDOWS\System32\msvcrt.dll
0x00007ffd41220000 - 0x00007ffd41249000 	C:\WINDOWS\System32\GDI32.dll
0x00007ffd40d50000 - 0x00007ffd40e69000 	C:\WINDOWS\System32\gdi32full.dll
0x00007ffd40b60000 - 0x00007ffd40bfa000 	C:\WINDOWS\System32\msvcp_win.dll
0x00007ffd42a90000 - 0x00007ffd42ac1000 	C:\WINDOWS\System32\IMM32.DLL
0x00007ffd3d690000 - 0x00007ffd3d69c000 	c:\Users\g56440\.vscode\extensions\redhat.java-1.30.0-win32-x64\jre\17.0.10-win32-x86_64\bin\vcruntime140_1.dll
0x00007ffd13ac0000 - 0x00007ffd13b4d000 	c:\Users\g56440\.vscode\extensions\redhat.java-1.30.0-win32-x64\jre\17.0.10-win32-x86_64\bin\msvcp140.dll
0x00007ffccfd60000 - 0x00007ffcd09c2000 	c:\Users\g56440\.vscode\extensions\redhat.java-1.30.0-win32-x64\jre\17.0.10-win32-x86_64\bin\server\jvm.dll
0x00007ffd41160000 - 0x00007ffd41212000 	C:\WINDOWS\System32\ADVAPI32.dll
0x00007ffd429e0000 - 0x00007ffd42a88000 	C:\WINDOWS\System32\sechost.dll
0x00007ffd40d20000 - 0x00007ffd40d48000 	C:\WINDOWS\System32\bcrypt.dll
0x00007ffd42b50000 - 0x00007ffd42c65000 	C:\WINDOWS\System32\RPCRT4.dll
0x00007ffd3d680000 - 0x00007ffd3d689000 	C:\WINDOWS\SYSTEM32\WSOCK32.dll
0x00007ffd3f450000 - 0x00007ffd3f49d000 	C:\WINDOWS\SYSTEM32\POWRPROF.dll
0x00007ffd410e0000 - 0x00007ffd41151000 	C:\WINDOWS\System32\WS2_32.dll
0x00007ffd33120000 - 0x00007ffd33154000 	C:\WINDOWS\SYSTEM32\WINMM.dll
0x00007ffd394e0000 - 0x00007ffd394ea000 	C:\WINDOWS\SYSTEM32\VERSION.dll
0x00007ffd3f430000 - 0x00007ffd3f443000 	C:\WINDOWS\SYSTEM32\UMPDC.dll
0x00007ffd3f680000 - 0x00007ffd3f698000 	C:\WINDOWS\SYSTEM32\kernel.appcore.dll
0x00007ffd39900000 - 0x00007ffd3990a000 	c:\Users\g56440\.vscode\extensions\redhat.java-1.30.0-win32-x64\jre\17.0.10-win32-x86_64\bin\jimage.dll
0x00007ffd1ed30000 - 0x00007ffd1ef62000 	C:\WINDOWS\SYSTEM32\DBGHELP.DLL
0x00007ffd42d80000 - 0x00007ffd43108000 	C:\WINDOWS\System32\combase.dll
0x00007ffd422c0000 - 0x00007ffd42397000 	C:\WINDOWS\System32\OLEAUT32.dll
0x00007ffd1eb60000 - 0x00007ffd1eb92000 	C:\WINDOWS\SYSTEM32\dbgcore.DLL
0x00007ffd405d0000 - 0x00007ffd40649000 	C:\WINDOWS\System32\bcryptPrimitives.dll
0x00007ffd21250000 - 0x00007ffd21275000 	c:\Users\g56440\.vscode\extensions\redhat.java-1.30.0-win32-x64\jre\17.0.10-win32-x86_64\bin\java.dll
0x00007ffd24330000 - 0x00007ffd24348000 	c:\Users\g56440\.vscode\extensions\redhat.java-1.30.0-win32-x64\jre\17.0.10-win32-x86_64\bin\zip.dll
0x00007ffd413d0000 - 0x00007ffd41c2c000 	C:\WINDOWS\System32\SHELL32.dll
0x00007ffd3e470000 - 0x00007ffd3ed66000 	C:\WINDOWS\SYSTEM32\windows.storage.dll
0x00007ffd3e330000 - 0x00007ffd3e46e000 	C:\WINDOWS\SYSTEM32\wintypes.dll
0x00007ffd40fe0000 - 0x00007ffd410d5000 	C:\WINDOWS\System32\SHCORE.dll
0x00007ffd41250000 - 0x00007ffd412ae000 	C:\WINDOWS\System32\shlwapi.dll
0x00007ffd40500000 - 0x00007ffd40521000 	C:\WINDOWS\SYSTEM32\profapi.dll
0x00007ffd23e30000 - 0x00007ffd23e49000 	C:\Users\g56440\.vscode\extensions\redhat.java-1.30.0-win32-x64\jre\17.0.10-win32-x86_64\bin\net.dll
0x00007ffd3bd00000 - 0x00007ffd3be36000 	C:\WINDOWS\SYSTEM32\WINHTTP.dll
0x00007ffd3fb50000 - 0x00007ffd3fbb9000 	C:\WINDOWS\system32\mswsock.dll
0x00007ffd21130000 - 0x00007ffd21146000 	C:\Users\g56440\.vscode\extensions\redhat.java-1.30.0-win32-x64\jre\17.0.10-win32-x86_64\bin\nio.dll
0x00007ffd25cf0000 - 0x00007ffd25d00000 	c:\Users\g56440\.vscode\extensions\redhat.java-1.30.0-win32-x64\jre\17.0.10-win32-x86_64\bin\verify.dll
0x00007ffd3fdc0000 - 0x00007ffd3fddb000 	C:\WINDOWS\SYSTEM32\CRYPTSP.dll
0x00007ffd3f640000 - 0x00007ffd3f675000 	C:\WINDOWS\system32\rsaenh.dll
0x00007ffd3fc50000 - 0x00007ffd3fc78000 	C:\WINDOWS\SYSTEM32\USERENV.dll
0x00007ffd3fdb0000 - 0x00007ffd3fdbc000 	C:\WINDOWS\SYSTEM32\CRYPTBASE.dll
0x00007ffd3ee90000 - 0x00007ffd3eebd000 	C:\WINDOWS\SYSTEM32\IPHLPAPI.DLL
0x00007ffd42820000 - 0x00007ffd42829000 	C:\WINDOWS\System32\NSI.dll
0x00007ffd3be40000 - 0x00007ffd3be59000 	C:\WINDOWS\SYSTEM32\dhcpcsvc6.DLL
0x00007ffd3b480000 - 0x00007ffd3b49f000 	C:\WINDOWS\SYSTEM32\dhcpcsvc.DLL
0x00007ffd3eec0000 - 0x00007ffd3efb8000 	C:\WINDOWS\SYSTEM32\DNSAPI.dll
0x00007ffd24300000 - 0x00007ffd24309000 	C:\Users\g56440\.vscode\extensions\redhat.java-1.30.0-win32-x64\jre\17.0.10-win32-x86_64\bin\management.dll
0x00007ffd23f10000 - 0x00007ffd23f1b000 	C:\Users\g56440\.vscode\extensions\redhat.java-1.30.0-win32-x64\jre\17.0.10-win32-x86_64\bin\management_ext.dll
0x00007ffd42d70000 - 0x00007ffd42d78000 	C:\WINDOWS\System32\PSAPI.DLL
0x00007ffd3d7d0000 - 0x00007ffd3d7de000 	C:\Users\g56440\.vscode\extensions\redhat.java-1.30.0-win32-x64\jre\17.0.10-win32-x86_64\bin\sunmscapi.dll
0x00007ffd40e70000 - 0x00007ffd40fd8000 	C:\WINDOWS\System32\CRYPT32.dll
0x00007ffd3ff10000 - 0x00007ffd3ff3e000 	C:\WINDOWS\SYSTEM32\ncrypt.dll
0x00007ffd3fed0000 - 0x00007ffd3ff07000 	C:\WINDOWS\SYSTEM32\NTASN1.dll
0x00007ffd39cc0000 - 0x00007ffd39cca000 	C:\Windows\System32\rasadhlp.dll
0x00007ffd3b4a0000 - 0x00007ffd3b523000 	C:\WINDOWS\System32\fwpuclnt.dll
0x00007ffd3d7c0000 - 0x00007ffd3d7c9000 	C:\Users\g56440\.vscode\extensions\redhat.java-1.30.0-win32-x64\jre\17.0.10-win32-x86_64\bin\extnet.dll
0x00007ffd1c110000 - 0x00007ffd1c127000 	C:\WINDOWS\system32\napinsp.dll
0x00007ffd1b390000 - 0x00007ffd1b3ab000 	C:\WINDOWS\system32\pnrpnsp.dll
0x00007ffd1b370000 - 0x00007ffd1b381000 	C:\WINDOWS\System32\winrnr.dll
0x00007ffd1b040000 - 0x00007ffd1b055000 	C:\WINDOWS\system32\wshbth.dll
0x00007ffd1b010000 - 0x00007ffd1b037000 	C:\WINDOWS\system32\nlansp_c.dll
0x00007ffd23f20000 - 0x00007ffd23f27000 	C:\Users\g56440\.vscode\extensions\redhat.java-1.30.0-win32-x64\jre\17.0.10-win32-x86_64\bin\rmi.dll

dbghelp: loaded successfully - version: 4.0.5 - missing functions: none
symbol engine: initialized successfully - sym options: 0x614 - pdb path: .;c:\Users\g56440\.vscode\extensions\redhat.java-1.30.0-win32-x64\jre\17.0.10-win32-x86_64\bin;C:\WINDOWS\SYSTEM32;C:\WINDOWS\WinSxS\amd64_microsoft.windows.common-controls_6595b64144ccf1df_6.0.22621.3527_none_270e469b73872a76;c:\Users\g56440\.vscode\extensions\redhat.java-1.30.0-win32-x64\jre\17.0.10-win32-x86_64\bin\server

VM Arguments:
jvm_args: -Xmx1024m -Dsts.lsp.client=vscode -Dsts.log.file=/dev/null -XX:TieredStopAtLevel=1 -Xlog:jni+resolve=off -Dspring.config.location=file:c:\Users\g56440\.vscode\extensions\vmware.vscode-spring-boot-1.54.0\language-server\BOOT-INF\classes\application.properties 
java_command: org.springframework.ide.vscode.boot.app.BootLanguageServerBootApp
java_class_path (initial): c:\Users\g56440\.vscode\extensions\vmware.vscode-spring-boot-1.54.0\language-server\BOOT-INF\classes;c:\Users\g56440\.vscode\extensions\vmware.vscode-spring-boot-1.54.0\language-server\BOOT-INF\lib\annotations-24.1.0.jar;c:\Users\g56440\.vscode\extensions\vmware.vscode-spring-boot-1.54.0\language-server\BOOT-INF\lib\antlr4-runtime-4.13.1.jar;c:\Users\g56440\.vscode\extensions\vmware.vscode-spring-boot-1.54.0\language-server\BOOT-INF\lib\asm-9.7.jar;c:\Users\g56440\.vscode\extensions\vmware.vscode-spring-boot-1.54.0\language-server\BOOT-INF\lib\asm-analysis-9.7.jar;c:\Users\g56440\.vscode\extensions\vmware.vscode-spring-boot-1.54.0\language-server\BOOT-INF\lib\asm-tree-9.7.jar;c:\Users\g56440\.vscode\extensions\vmware.vscode-spring-boot-1.54.0\language-server\BOOT-INF\lib\asm-util-9.7.jar;c:\Users\g56440\.vscode\extensions\vmware.vscode-spring-boot-1.54.0\language-server\BOOT-INF\lib\caffeine-3.1.8.jar;c:\Users\g56440\.vscode\extensions\vmware.vscode-spring-boot-1.54.0\language-server\BOOT-INF\lib\checker-qual-3.12.0.jar;c:\Users\g56440\.vscode\extensions\vmware.vscode-spring-boot-1.54.0\language-server\BOOT-INF\lib\classgraph-4.8.149.jar;c:\Users\g56440\.vscode\extensions\vmware.vscode-spring-boot-1.54.0\language-server\BOOT-INF\lib\commons-codec-1.16.1.jar;c:\Users\g56440\.vscode\extensions\vmware.vscode-spring-boot-1.54.0\language-server\BOOT-INF\lib\commons-compress-1.26.1.jar;c:\Users\g56440\.vscode\extensions\vmware.vscode-spring-boot-1.54.0\language-server\BOOT-INF\lib\commons-io-2.4.jar;c:\Users\g56440\.vscode\extensions\vmware.vscode-spring-boot-1.54.0\language-server\BOOT-INF\lib\commons-java-1.54.0-SNAPSHOT.jar;c:\Users\g56440\.vscode\extensions\vmware.vscode-spring-boot-1.54.0\language-server\BOOT-INF\lib\commons-lang3-3.13.0.jar;c:\Users\g56440\.vscode\extensions\vmware.vscode-spring-boot-1.54.0\language-server\BOOT-INF\lib\commons-language-server-1.54.0-SNAPSHOT.jar;c:\Users\g56440\.vscode\extensions\vmware.vscode-spring-boo
Launcher Type: SUN_STANDARD

[Global flags]
     intx CICompilerCount                          = 4                                         {product} {ergonomic}
     uint ConcGCThreads                            = 3                                         {product} {ergonomic}
     uint G1ConcRefinementThreads                  = 10                                        {product} {ergonomic}
   size_t G1HeapRegionSize                         = 1048576                                   {product} {ergonomic}
    uintx GCDrainStackTargetSize                   = 64                                        {product} {ergonomic}
   size_t InitialHeapSize                          = 264241152                                 {product} {ergonomic}
   size_t MarkStackSize                            = 4194304                                   {product} {ergonomic}
   size_t MaxHeapSize                              = 1073741824                                {product} {command line}
   size_t MaxNewSize                               = 643825664                                 {product} {ergonomic}
   size_t MinHeapDeltaBytes                        = 1048576                                   {product} {ergonomic}
   size_t MinHeapSize                              = 8388608                                   {product} {ergonomic}
    uintx NonProfiledCodeHeapSize                  = 0                                      {pd product} {ergonomic}
     bool ProfileInterpreter                       = false                                  {pd product} {command line}
    uintx ProfiledCodeHeapSize                     = 0                                      {pd product} {ergonomic}
   size_t SoftMaxHeapSize                          = 1073741824                             {manageable} {ergonomic}
     intx TieredStopAtLevel                        = 1                                         {product} {command line}
     bool UseCompressedClassPointers               = true                           {product lp64_product} {ergonomic}
     bool UseCompressedOops                        = true                           {product lp64_product} {ergonomic}
     bool UseG1GC                                  = true                                      {product} {ergonomic}
     bool UseLargePagesIndividualAllocation        = false                                  {pd product} {ergonomic}

Logging:
Log output configuration:
 #0: stdout all=warning,jni+resolve=off uptime,level,tags
 #1: stderr all=off uptime,level,tags

Environment Variables:
PATH=C:\Program Files (x86)\Common Files\Oracle\Java\javapath;C:\WINDOWS\system32;C:\WINDOWS;C:\WINDOWS\System32\Wbem;C:\WINDOWS\System32\WindowsPowerShell\v1.0\;C:\WINDOWS\System32\OpenSSH\;C:\Program Files (x86)\Microsoft SQL Server\160\Tools\Binn\;C:\Program Files\Microsoft SQL Server\160\Tools\Binn\;C:\Program Files\Microsoft SQL Server\Client SDK\ODBC\170\Tools\Binn\;C:\Program Files\Microsoft SQL Server\160\DTS\Binn\;C:\Program Files (x86)\Microsoft SQL Server\160\DTS\Binn\;C:\Program Files\Git\cmd;C:\Program Files\ActiveBarcode;C:\Program Files\MongoDB\Server\7.0\bin;C:\Users\g56440\AppData\Local\Microsoft\WindowsApps;C:\Users\g56440\AppData\Local\Programs\Microsoft VS Code\bin
USERNAME=g56440
OS=Windows_NT
PROCESSOR_IDENTIFIER=Intel64 Family 6 Model 151 Stepping 5, GenuineIntel
TMP=C:\Users\g56440\AppData\Local\Temp
TEMP=C:\Users\g56440\AppData\Local\Temp



Periodic native trim disabled


---------------  S Y S T E M  ---------------

OS:
 Windows 11 , 64 bit Build 22621 (10.0.22621.3527)
OS uptime: 4 days 15:28 hours

CPU: total 12 (initial active 12) (6 cores per cpu, 2 threads per core) family 6 model 151 stepping 5 microcode 0x34, cx8, cmov, fxsr, ht, mmx, 3dnowpref, sse, sse2, sse3, ssse3, sse4.1, sse4.2, popcnt, lzcnt, tsc, tscinvbit, avx, avx2, aes, erms, clmul, bmi1, bmi2, adx, sha, fma, vzeroupper, clflush, clflushopt, clwb
Processor Information for all 12 processors :
  Max Mhz: 2000, Current Mhz: 2000, Mhz Limit: 2000

Memory: 4k page, system-wide physical 16053M (846M free)
TotalPageFile size 46435M (AvailPageFile size 13M)
current process WorkingSet (physical memory assigned to process): 74M, peak: 338M
current process commit charge ("private bytes"): 307M, peak: 387M

vm_info: OpenJDK 64-Bit Server VM (17.0.10+7) for windows-amd64 JRE (17.0.10+7), built on Jan 16 2024 23:25:11 by "admin" with MS VC++ 16.10 / 16.11 (VS2019)

END.
